==19968== Memcheck, a memory error detector
==19968== Copyright (C) 2002-2017, and GNU GPL'd, by Julian Seward et al.
==19968== Using Valgrind-3.16.1 and LibVEX; rerun with -h for copyright info
==19968== Command: node index.js
==19968== Parent PID: 12557
==19968== 
==19968== 
==19968== HEAP SUMMARY:
==19968==     in use at exit: 6,804 bytes in 29 blocks
==19968==   total heap usage: 20,295 allocs, 20,266 frees, 22,679,612 bytes allocated
==19968== 
==19968== LEAK SUMMARY:
==19968==    definitely lost: 0 bytes in 0 blocks
==19968==    indirectly lost: 0 bytes in 0 blocks
==19968==      possibly lost: 304 bytes in 1 blocks
==19968==    still reachable: 6,500 bytes in 28 blocks
==19968==                       of which reachable via heuristic:
==19968==                         multipleinheritance: 48 bytes in 1 blocks
==19968==         suppressed: 0 bytes in 0 blocks
==19968== Rerun with --leak-check=full to see details of leaked memory
==19968== 
==19968== For lists of detected and suppressed errors, rerun with: -s
==19968== ERROR SUMMARY: 0 errors from 0 contexts (suppressed: 0 from 0)
